<?xml version="1.0" encoding="UTF-8"?>
<testng-results skipped="0" failed="0" ignored="0" total="1" passed="1">
  <reporter-output>
  </reporter-output>
  <suite name="Default suite" duration-ms="53718" started-at="2020-12-21T15:15:09 IST" finished-at="2020-12-21T15:16:03 IST">
    <groups>
    </groups>
    <test name="Default test" duration-ms="53718" started-at="2020-12-21T15:15:09 IST" finished-at="2020-12-21T15:16:03 IST">
      <class name="demo.test1">
        <test-method status="PASS" signature="setUp()[pri:0, instance:demo.test1@3d121db3]" name="setUp" is-config="true" duration-ms="29056" started-at="2020-12-21T15:15:09 IST" finished-at="2020-12-21T15:15:38 IST">
          <reporter-output>
          </reporter-output>
        </test-method> <!-- setUp -->
        <test-method status="PASS" signature="test1()[pri:0, instance:demo.test1@3d121db3]" name="test1" duration-ms="23172" started-at="2020-12-21T15:15:39 IST" finished-at="2020-12-21T15:16:02 IST">
          <reporter-output>
          </reporter-output>
        </test-method> <!-- test1 -->
        <test-method status="PASS" signature="tearDown()[pri:0, instance:demo.test1@3d121db3]" name="tearDown" is-config="true" duration-ms="1295" started-at="2020-12-21T15:16:02 IST" finished-at="2020-12-21T15:16:03 IST">
          <reporter-output>
          </reporter-output>
        </test-method> <!-- tearDown -->
      </class> <!-- demo.test1 -->
    </test> <!-- Default test -->
  </suite> <!-- Default suite -->
</testng-results>
