<?xml version="1.0" encoding="UTF-8"?>
<!-- Generated by org.testng.reporters.JUnitXMLReporter -->
<testsuite hostname="Mahesh-PC" ignored="4" name="Test1" tests="1" failures="0" timestamp="2020-12-21T00:06:42 IST" time="0.123" errors="0">
  <testcase name="test4" time="0.021" classname="demo.testNGGroupsDemo"/>
  <testcase name="test3" time="0.0" classname="demo.testNGGroupsDemo">
    <ignored/>
  </testcase> <!-- test3 -->
  <testcase name="test5" time="0.0" classname="demo.testNGGroupsDemo">
    <ignored/>
  </testcase> <!-- test5 -->
  <testcase name="test2" time="0.0" classname="demo.testNGGroupsDemo">
    <ignored/>
  </testcase> <!-- test2 -->
  <testcase name="test1" time="0.0" classname="demo.testNGGroupsDemo">
    <ignored/>
  </testcase> <!-- test1 -->
</testsuite> <!-- Test1 -->
